app/build/intermediates/manifest_merge_blame_file/debug/processDebugMainManifest/manifest-merger-blame-debug-report.txt
1<?xml version="1.0" encoding="utf-8"?>
2<manifest xmlns:android="http://schemas.android.com/apk/res/android"
3    package="com.samsung.health.multisensortracking"
4    android:versionCode="1"
5    android:versionName="1.1" >
6
7    <uses-sdk
8        android:minSdkVersion="30"
9        android:targetSdkVersion="34" />
10
11    <uses-permission android:name="android.permission.WAKE_LOCK" />
11-->src\main\AndroidManifest.xml:5:5-68
11-->src\main\AndroidManifest.xml:5:22-65
12    <uses-permission android:name="android.permission.BODY_SENSORS" />
12-->src\main\AndroidManifest.xml:6:5-71
12-->src\main\AndroidManifest.xml:6:22-68
13
14    <uses-feature android:name="android.hardware.type.watch" />
14-->src\main\AndroidManifest.xml:8:5-64
14-->src\main\AndroidManifest.xml:8:19-61
15
16    <queries>
16-->[samsung-health-sensor-api-1.3.0.aar] AndroidManifest.xml:7:5-9:15
17        <package android:name="com.sec.android.app.samsungapps" />
17-->[samsung-health-sensor-api-1.3.0.aar] AndroidManifest.xml:8:9-67
17-->[samsung-health-sensor-api-1.3.0.aar] AndroidManifest.xml:8:18-64
18    </queries>
19    <queries>
19-->[samsung-health-sensor-api-1.3.0.aar] AndroidManifest.xml:7:5-9:15
20        <package android:name="com.samsung.android.service.health" />
21    </queries> <!-- Although the *SdkVersion is captured in gradle build files, this is required for non gradle builds -->
22    <!-- <uses-sdk android:minSdkVersion="21"/> -->
23    <uses-permission android:name="android.permission.ACCESS_NETWORK_STATE" />
23-->[com.google.firebase:firebase-database:21.0.0] AndroidManifest.xml:22:5-79
23-->[com.google.firebase:firebase-database:21.0.0] AndroidManifest.xml:22:22-76
24    <uses-permission android:name="android.permission.INTERNET" />
24-->[com.google.firebase:firebase-database:21.0.0] AndroidManifest.xml:23:5-67
24-->[com.google.firebase:firebase-database:21.0.0] AndroidManifest.xml:23:22-64
25
26    <permission
26-->[androidx.core:core:1.13.0] AndroidManifest.xml:22:5-24:47
27        android:name="com.samsung.health.multisensortracking.DYNAMIC_RECEIVER_NOT_EXPORTED_PERMISSION"
27-->[androidx.core:core:1.13.0] AndroidManifest.xml:23:9-81
28        android:protectionLevel="signature" />
28-->[androidx.core:core:1.13.0] AndroidManifest.xml:24:9-44
29
30    <uses-permission android:name="com.samsung.health.multisensortracking.DYNAMIC_RECEIVER_NOT_EXPORTED_PERMISSION" />
30-->[androidx.core:core:1.13.0] AndroidManifest.xml:26:5-97
30-->[androidx.core:core:1.13.0] AndroidManifest.xml:26:22-94
31
32    <application
32-->src\main\AndroidManifest.xml:10:5-41:19
33        android:allowBackup="true"
33-->src\main\AndroidManifest.xml:11:9-35
34        android:appComponentFactory="androidx.core.app.CoreComponentFactory"
34-->[androidx.core:core:1.13.0] AndroidManifest.xml:28:18-86
35        android:debuggable="true"
36        android:extractNativeLibs="false"
37        android:icon="@mipmap/ic_launcher"
37-->src\main\AndroidManifest.xml:12:9-43
38        android:label="@string/app_name"
38-->src\main\AndroidManifest.xml:13:9-41
39        android:supportsRtl="true"
39-->src\main\AndroidManifest.xml:14:9-35
40        android:testOnly="true"
41        android:theme="@style/Theme.MainTheme" >
41-->src\main\AndroidManifest.xml:15:9-47
42        <activity
42-->src\main\AndroidManifest.xml:16:9-18:40
43            android:name="com.samsung.health.multisensortracking.DetailsActivity"
43-->src\main\AndroidManifest.xml:17:13-82
44            android:exported="false" />
44-->src\main\AndroidManifest.xml:18:13-37
45
46        <uses-library
46-->src\main\AndroidManifest.xml:20:9-22:39
47            android:name="com.google.android.wearable"
47-->src\main\AndroidManifest.xml:21:13-55
48            android:required="true" />
48-->src\main\AndroidManifest.xml:22:13-36
49        <!--
50               Set to true if your app is Standalone, that is, it does not require the handheld
51               app to run.
52        -->
53        <meta-data
53-->src\main\AndroidManifest.xml:27:9-29:36
54            android:name="com.google.android.wearable.standalone"
54-->src\main\AndroidManifest.xml:28:13-66
55            android:value="true" />
55-->src\main\AndroidManifest.xml:29:13-33
56
57        <activity
57-->src\main\AndroidManifest.xml:31:9-40:20
58            android:name="com.samsung.health.multisensortracking.MainActivity"
58-->src\main\AndroidManifest.xml:32:13-79
59            android:exported="true"
59-->src\main\AndroidManifest.xml:33:13-36
60            android:label="@string/app_name" >
60-->src\main\AndroidManifest.xml:34:13-45
61            <intent-filter>
61-->src\main\AndroidManifest.xml:35:13-39:29
62                <action android:name="android.intent.action.MAIN" />
62-->src\main\AndroidManifest.xml:36:17-69
62-->src\main\AndroidManifest.xml:36:25-66
63
64                <category android:name="android.intent.category.LAUNCHER" />
64-->src\main\AndroidManifest.xml:38:17-77
64-->src\main\AndroidManifest.xml:38:27-74
65            </intent-filter>
66        </activity>
67
68        <service
68-->[com.google.firebase:firebase-database:21.0.0] AndroidManifest.xml:26:9-35:19
69            android:name="com.google.firebase.components.ComponentDiscoveryService"
69-->[com.google.firebase:firebase-database:21.0.0] AndroidManifest.xml:27:13-84
70            android:directBootAware="true"
70-->[com.google.firebase:firebase-common:21.0.0] AndroidManifest.xml:32:13-43
71            android:exported="false" >
71-->[com.google.firebase:firebase-database:21.0.0] AndroidManifest.xml:28:13-37
72            <meta-data
72-->[com.google.firebase:firebase-database:21.0.0] AndroidManifest.xml:29:13-31:85
73                android:name="com.google.firebase.components:com.google.firebase.database.FirebaseDatabaseKtxRegistrar"
73-->[com.google.firebase:firebase-database:21.0.0] AndroidManifest.xml:30:17-120
74                android:value="com.google.firebase.components.ComponentRegistrar" />
74-->[com.google.firebase:firebase-database:21.0.0] AndroidManifest.xml:31:17-82
75            <meta-data
75-->[com.google.firebase:firebase-database:21.0.0] AndroidManifest.xml:32:13-34:85
76                android:name="com.google.firebase.components:com.google.firebase.database.DatabaseRegistrar"
76-->[com.google.firebase:firebase-database:21.0.0] AndroidManifest.xml:33:17-109
77                android:value="com.google.firebase.components.ComponentRegistrar" />
77-->[com.google.firebase:firebase-database:21.0.0] AndroidManifest.xml:34:17-82
78            <meta-data
78-->[com.google.firebase:firebase-common-ktx:21.0.0] AndroidManifest.xml:12:13-14:85
79                android:name="com.google.firebase.components:com.google.firebase.ktx.FirebaseCommonLegacyRegistrar"
79-->[com.google.firebase:firebase-common-ktx:21.0.0] AndroidManifest.xml:13:17-116
80                android:value="com.google.firebase.components.ComponentRegistrar" />
80-->[com.google.firebase:firebase-common-ktx:21.0.0] AndroidManifest.xml:14:17-82
81            <meta-data
81-->[com.google.firebase:firebase-common:21.0.0] AndroidManifest.xml:35:13-37:85
82                android:name="com.google.firebase.components:com.google.firebase.FirebaseCommonKtxRegistrar"
82-->[com.google.firebase:firebase-common:21.0.0] AndroidManifest.xml:36:17-109
83                android:value="com.google.firebase.components.ComponentRegistrar" />
83-->[com.google.firebase:firebase-common:21.0.0] AndroidManifest.xml:37:17-82
84        </service>
85
86        <activity
86-->[com.google.android.gms:play-services-base:18.5.0] AndroidManifest.xml:5:9-173
87            android:name="com.google.android.gms.common.api.GoogleApiActivity"
87-->[com.google.android.gms:play-services-base:18.5.0] AndroidManifest.xml:5:19-85
88            android:exported="false"
88-->[com.google.android.gms:play-services-base:18.5.0] AndroidManifest.xml:5:146-170
89            android:theme="@android:style/Theme.Translucent.NoTitleBar" />
89-->[com.google.android.gms:play-services-base:18.5.0] AndroidManifest.xml:5:86-145
90
91        <provider
91-->[com.google.firebase:firebase-common:21.0.0] AndroidManifest.xml:23:9-28:39
92            android:name="com.google.firebase.provider.FirebaseInitProvider"
92-->[com.google.firebase:firebase-common:21.0.0] AndroidManifest.xml:24:13-77
93            android:authorities="com.samsung.health.multisensortracking.firebaseinitprovider"
93-->[com.google.firebase:firebase-common:21.0.0] AndroidManifest.xml:25:13-72
94            android:directBootAware="true"
94-->[com.google.firebase:firebase-common:21.0.0] AndroidManifest.xml:26:13-43
95            android:exported="false"
95-->[com.google.firebase:firebase-common:21.0.0] AndroidManifest.xml:27:13-37
96            android:initOrder="100" />
96-->[com.google.firebase:firebase-common:21.0.0] AndroidManifest.xml:28:13-36
97        <provider
97-->[androidx.emoji2:emoji2:1.3.0] AndroidManifest.xml:24:9-32:20
98            android:name="androidx.startup.InitializationProvider"
98-->[androidx.emoji2:emoji2:1.3.0] AndroidManifest.xml:25:13-67
99            android:authorities="com.samsung.health.multisensortracking.androidx-startup"
99-->[androidx.emoji2:emoji2:1.3.0] AndroidManifest.xml:26:13-68
100            android:exported="false" >
100-->[androidx.emoji2:emoji2:1.3.0] AndroidManifest.xml:27:13-37
101            <meta-data
101-->[androidx.emoji2:emoji2:1.3.0] AndroidManifest.xml:29:13-31:52
102                android:name="androidx.emoji2.text.EmojiCompatInitializer"
102-->[androidx.emoji2:emoji2:1.3.0] AndroidManifest.xml:30:17-75
103                android:value="androidx.startup" />
103-->[androidx.emoji2:emoji2:1.3.0] AndroidManifest.xml:31:17-49
104            <meta-data
104-->[androidx.lifecycle:lifecycle-process:2.6.2] AndroidManifest.xml:29:13-31:52
105                android:name="androidx.lifecycle.ProcessLifecycleInitializer"
105-->[androidx.lifecycle:lifecycle-process:2.6.2] AndroidManifest.xml:30:17-78
106                android:value="androidx.startup" />
106-->[androidx.lifecycle:lifecycle-process:2.6.2] AndroidManifest.xml:31:17-49
107            <meta-data
107-->[androidx.profileinstaller:profileinstaller:1.3.1] AndroidManifest.xml:29:13-31:52
108                android:name="androidx.profileinstaller.ProfileInstallerInitializer"
108-->[androidx.profileinstaller:profileinstaller:1.3.1] AndroidManifest.xml:30:17-85
109                android:value="androidx.startup" />
109-->[androidx.profileinstaller:profileinstaller:1.3.1] AndroidManifest.xml:31:17-49
110        </provider>
111
112        <meta-data
112-->[com.google.android.gms:play-services-basement:18.4.0] AndroidManifest.xml:6:9-122
113            android:name="com.google.android.gms.version"
113-->[com.google.android.gms:play-services-basement:18.4.0] AndroidManifest.xml:6:20-65
114            android:value="@integer/google_play_services_version" />
114-->[com.google.android.gms:play-services-basement:18.4.0] AndroidManifest.xml:6:66-119
115
116        <receiver
116-->[androidx.profileinstaller:profileinstaller:1.3.1] AndroidManifest.xml:34:9-52:20
117            android:name="androidx.profileinstaller.ProfileInstallReceiver"
117-->[androidx.profileinstaller:profileinstaller:1.3.1] AndroidManifest.xml:35:13-76
118            android:directBootAware="false"
118-->[androidx.profileinstaller:profileinstaller:1.3.1] AndroidManifest.xml:36:13-44
119            android:enabled="true"
119-->[androidx.profileinstaller:profileinstaller:1.3.1] AndroidManifest.xml:37:13-35
120            android:exported="true"
120-->[androidx.profileinstaller:profileinstaller:1.3.1] AndroidManifest.xml:38:13-36
121            android:permission="android.permission.DUMP" >
121-->[androidx.profileinstaller:profileinstaller:1.3.1] AndroidManifest.xml:39:13-57
122            <intent-filter>
122-->[androidx.profileinstaller:profileinstaller:1.3.1] AndroidManifest.xml:40:13-42:29
123                <action android:name="androidx.profileinstaller.action.INSTALL_PROFILE" />
123-->[androidx.profileinstaller:profileinstaller:1.3.1] AndroidManifest.xml:41:17-91
123-->[androidx.profileinstaller:profileinstaller:1.3.1] AndroidManifest.xml:41:25-88
124            </intent-filter>
125            <intent-filter>
125-->[androidx.profileinstaller:profileinstaller:1.3.1] AndroidManifest.xml:43:13-45:29
126                <action android:name="androidx.profileinstaller.action.SKIP_FILE" />
126-->[androidx.profileinstaller:profileinstaller:1.3.1] AndroidManifest.xml:44:17-85
126-->[androidx.profileinstaller:profileinstaller:1.3.1] AndroidManifest.xml:44:25-82
127            </intent-filter>
128            <intent-filter>
128-->[androidx.profileinstaller:profileinstaller:1.3.1] AndroidManifest.xml:46:13-48:29
129                <action android:name="androidx.profileinstaller.action.SAVE_PROFILE" />
129-->[androidx.profileinstaller:profileinstaller:1.3.1] AndroidManifest.xml:47:17-88
129-->[androidx.profileinstaller:profileinstaller:1.3.1] AndroidManifest.xml:47:25-85
130            </intent-filter>
131            <intent-filter>
131-->[androidx.profileinstaller:profileinstaller:1.3.1] AndroidManifest.xml:49:13-51:29
132                <action android:name="androidx.profileinstaller.action.BENCHMARK_OPERATION" />
132-->[androidx.profileinstaller:profileinstaller:1.3.1] AndroidManifest.xml:50:17-95
132-->[androidx.profileinstaller:profileinstaller:1.3.1] AndroidManifest.xml:50:25-92
133            </intent-filter>
134        </receiver>
135    </application>
136
137</manifest>